[0.449s] DEBUG:colcon:Command line arguments: ['/usr/bin/colcon', 'list', '-n']
[0.449s] DEBUG:colcon:Parsed command line arguments: Namespace(base_paths=['.'], build_base='build', ignore_user_meta=False, log_base=None, log_level=None, main=<bound method ListVerb.main of <colcon_package_information.verb.list.ListVerb object at 0x7f60e60e7390>>, metas=['./colcon.meta'], names_only=True, packages_above=None, packages_above_and_dependencies=None, packages_above_depth=None, packages_end=None, packages_ignore=None, packages_ignore_regex=None, packages_select=None, packages_select_build_failed=False, packages_select_by_dep=None, packages_select_regex=None, packages_select_test_failures=False, packages_skip=None, packages_skip_build_finished=False, packages_skip_by_dep=None, packages_skip_regex=None, packages_skip_test_passed=False, packages_skip_up_to=None, packages_start=None, packages_up_to=None, packages_up_to_regex=None, paths=None, paths_only=False, topological_graph=False, topological_graph_density=False, topological_graph_dot=False, topological_graph_dot_cluster=False, topological_graph_dot_include_skipped=False, topological_graph_legend=False, topological_order=False, verb_extension=<colcon_package_information.verb.list.ListVerb object at 0x7f60e60e7390>, verb_name='list', verb_parser=<colcon_defaults.argument_parser.defaults.DefaultArgumentsDecorator object at 0x7f60e60f3358>)
[0.495s] Level 1:colcon.colcon_core.package_discovery:discover_packages(colcon_meta) check parameters
[0.496s] Level 1:colcon.colcon_core.package_discovery:discover_packages(recursive) check parameters
[0.496s] Level 1:colcon.colcon_core.package_discovery:discover_packages(ignore) check parameters
[0.496s] Level 1:colcon.colcon_core.package_discovery:discover_packages(path) check parameters
[0.496s] Level 1:colcon.colcon_core.package_discovery:discover_packages(colcon_meta) discover
[0.496s] Level 1:colcon.colcon_core.package_discovery:discover_packages(recursive) discover
[0.496s] INFO:colcon.colcon_core.package_discovery:Crawling recursively for packages in '/home/z/Desktop/ws/src/zvision_ros_driver'
[0.496s] Level 1:colcon.colcon_core.package_identification:_identify(.) by extensions ['ignore', 'ignore_ament_install']
[0.496s] Level 1:colcon.colcon_core.package_identification:_identify(.) by extension 'ignore'
[0.496s] Level 1:colcon.colcon_core.package_identification:_identify(.) by extension 'ignore_ament_install'
[0.496s] Level 1:colcon.colcon_core.package_identification:_identify(.) by extensions ['colcon_pkg']
[0.496s] Level 1:colcon.colcon_core.package_identification:_identify(.) by extension 'colcon_pkg'
[0.497s] Level 1:colcon.colcon_core.package_identification:_identify(.) by extensions ['colcon_meta']
[0.497s] Level 1:colcon.colcon_core.package_identification:_identify(.) by extension 'colcon_meta'
[0.497s] Level 1:colcon.colcon_core.package_identification:_identify(.) by extensions ['ros']
[0.497s] Level 1:colcon.colcon_core.package_identification:_identify(.) by extension 'ros'
[0.516s] Level 1:colcon.colcon_core.package_identification:_identify(.) by extensions ['cmake', 'python']
[0.516s] Level 1:colcon.colcon_core.package_identification:_identify(.) by extension 'cmake'
[0.516s] Level 1:colcon.colcon_core.package_identification:_identify(.) by extension 'python'
[0.516s] Level 1:colcon.colcon_core.package_identification:_identify(.) by extensions ['python_setup_py']
[0.516s] Level 1:colcon.colcon_core.package_identification:_identify(.) by extension 'python_setup_py'
[0.516s] Level 1:colcon.colcon_core.package_identification:_identify(log) by extensions ['ignore', 'ignore_ament_install']
[0.516s] Level 1:colcon.colcon_core.package_identification:_identify(log) by extension 'ignore'
[0.516s] Level 1:colcon.colcon_core.package_identification:_identify(log) ignored
[0.517s] Level 1:colcon.colcon_core.package_identification:_identify(zvision_lidar) by extensions ['ignore', 'ignore_ament_install']
[0.517s] Level 1:colcon.colcon_core.package_identification:_identify(zvision_lidar) by extension 'ignore'
[0.517s] Level 1:colcon.colcon_core.package_identification:_identify(zvision_lidar) by extension 'ignore_ament_install'
[0.517s] Level 1:colcon.colcon_core.package_identification:_identify(zvision_lidar) by extensions ['colcon_pkg']
[0.517s] Level 1:colcon.colcon_core.package_identification:_identify(zvision_lidar) by extension 'colcon_pkg'
[0.517s] Level 1:colcon.colcon_core.package_identification:_identify(zvision_lidar) by extensions ['colcon_meta']
[0.517s] Level 1:colcon.colcon_core.package_identification:_identify(zvision_lidar) by extension 'colcon_meta'
[0.517s] Level 1:colcon.colcon_core.package_identification:_identify(zvision_lidar) by extensions ['ros']
[0.517s] Level 1:colcon.colcon_core.package_identification:_identify(zvision_lidar) by extension 'ros'
[0.517s] Level 1:colcon.colcon_core.package_identification:_identify(zvision_lidar) by extensions ['cmake', 'python']
[0.517s] Level 1:colcon.colcon_core.package_identification:_identify(zvision_lidar) by extension 'cmake'
[0.517s] Level 1:colcon.colcon_core.package_identification:_identify(zvision_lidar) by extension 'python'
[0.517s] Level 1:colcon.colcon_core.package_identification:_identify(zvision_lidar) by extensions ['python_setup_py']
[0.517s] Level 1:colcon.colcon_core.package_identification:_identify(zvision_lidar) by extension 'python_setup_py'
[0.518s] Level 1:colcon.colcon_core.package_identification:_identify(zvision_lidar/zvision_lidar) by extensions ['ignore', 'ignore_ament_install']
[0.518s] Level 1:colcon.colcon_core.package_identification:_identify(zvision_lidar/zvision_lidar) by extension 'ignore'
[0.518s] Level 1:colcon.colcon_core.package_identification:_identify(zvision_lidar/zvision_lidar) by extension 'ignore_ament_install'
[0.518s] Level 1:colcon.colcon_core.package_identification:_identify(zvision_lidar/zvision_lidar) by extensions ['colcon_pkg']
[0.518s] Level 1:colcon.colcon_core.package_identification:_identify(zvision_lidar/zvision_lidar) by extension 'colcon_pkg'
[0.518s] Level 1:colcon.colcon_core.package_identification:_identify(zvision_lidar/zvision_lidar) by extensions ['colcon_meta']
[0.518s] Level 1:colcon.colcon_core.package_identification:_identify(zvision_lidar/zvision_lidar) by extension 'colcon_meta'
[0.518s] Level 1:colcon.colcon_core.package_identification:_identify(zvision_lidar/zvision_lidar) by extensions ['ros']
[0.518s] Level 1:colcon.colcon_core.package_identification:_identify(zvision_lidar/zvision_lidar) by extension 'ros'
[0.521s] DEBUG:colcon.colcon_core.package_identification:Package 'zvision_lidar/zvision_lidar' with type 'ros.catkin' and name 'zvision_lidar'
[0.521s] Level 1:colcon.colcon_core.package_identification:_identify(zvision_lidar/zvision_lidar_driver) by extensions ['ignore', 'ignore_ament_install']
[0.522s] Level 1:colcon.colcon_core.package_identification:_identify(zvision_lidar/zvision_lidar_driver) by extension 'ignore'
[0.522s] Level 1:colcon.colcon_core.package_identification:_identify(zvision_lidar/zvision_lidar_driver) by extension 'ignore_ament_install'
[0.522s] Level 1:colcon.colcon_core.package_identification:_identify(zvision_lidar/zvision_lidar_driver) by extensions ['colcon_pkg']
[0.522s] Level 1:colcon.colcon_core.package_identification:_identify(zvision_lidar/zvision_lidar_driver) by extension 'colcon_pkg'
[0.522s] Level 1:colcon.colcon_core.package_identification:_identify(zvision_lidar/zvision_lidar_driver) by extensions ['colcon_meta']
[0.522s] Level 1:colcon.colcon_core.package_identification:_identify(zvision_lidar/zvision_lidar_driver) by extension 'colcon_meta'
[0.522s] Level 1:colcon.colcon_core.package_identification:_identify(zvision_lidar/zvision_lidar_driver) by extensions ['ros']
[0.522s] Level 1:colcon.colcon_core.package_identification:_identify(zvision_lidar/zvision_lidar_driver) by extension 'ros'
[0.524s] DEBUG:colcon.colcon_core.package_identification:Package 'zvision_lidar/zvision_lidar_driver' with type 'ros.catkin' and name 'zvision_lidar_driver'
[0.524s] Level 1:colcon.colcon_core.package_identification:_identify(zvision_lidar/zvision_lidar_msgs) by extensions ['ignore', 'ignore_ament_install']
[0.524s] Level 1:colcon.colcon_core.package_identification:_identify(zvision_lidar/zvision_lidar_msgs) by extension 'ignore'
[0.524s] Level 1:colcon.colcon_core.package_identification:_identify(zvision_lidar/zvision_lidar_msgs) by extension 'ignore_ament_install'
[0.524s] Level 1:colcon.colcon_core.package_identification:_identify(zvision_lidar/zvision_lidar_msgs) by extensions ['colcon_pkg']
[0.525s] Level 1:colcon.colcon_core.package_identification:_identify(zvision_lidar/zvision_lidar_msgs) by extension 'colcon_pkg'
[0.525s] Level 1:colcon.colcon_core.package_identification:_identify(zvision_lidar/zvision_lidar_msgs) by extensions ['colcon_meta']
[0.525s] Level 1:colcon.colcon_core.package_identification:_identify(zvision_lidar/zvision_lidar_msgs) by extension 'colcon_meta'
[0.525s] Level 1:colcon.colcon_core.package_identification:_identify(zvision_lidar/zvision_lidar_msgs) by extensions ['ros']
[0.525s] Level 1:colcon.colcon_core.package_identification:_identify(zvision_lidar/zvision_lidar_msgs) by extension 'ros'
[0.525s] DEBUG:colcon.colcon_core.package_identification:Package 'zvision_lidar/zvision_lidar_msgs' with type 'ros.catkin' and name 'zvision_lidar_msgs'
[0.526s] Level 1:colcon.colcon_core.package_identification:_identify(zvision_lidar/zvision_lidar_pointcloud) by extensions ['ignore', 'ignore_ament_install']
[0.526s] Level 1:colcon.colcon_core.package_identification:_identify(zvision_lidar/zvision_lidar_pointcloud) by extension 'ignore'
[0.526s] Level 1:colcon.colcon_core.package_identification:_identify(zvision_lidar/zvision_lidar_pointcloud) by extension 'ignore_ament_install'
[0.526s] Level 1:colcon.colcon_core.package_identification:_identify(zvision_lidar/zvision_lidar_pointcloud) by extensions ['colcon_pkg']
[0.526s] Level 1:colcon.colcon_core.package_identification:_identify(zvision_lidar/zvision_lidar_pointcloud) by extension 'colcon_pkg'
[0.526s] Level 1:colcon.colcon_core.package_identification:_identify(zvision_lidar/zvision_lidar_pointcloud) by extensions ['colcon_meta']
[0.526s] Level 1:colcon.colcon_core.package_identification:_identify(zvision_lidar/zvision_lidar_pointcloud) by extension 'colcon_meta'
[0.526s] Level 1:colcon.colcon_core.package_identification:_identify(zvision_lidar/zvision_lidar_pointcloud) by extensions ['ros']
[0.526s] Level 1:colcon.colcon_core.package_identification:_identify(zvision_lidar/zvision_lidar_pointcloud) by extension 'ros'
[0.528s] DEBUG:colcon.colcon_core.package_identification:Package 'zvision_lidar/zvision_lidar_pointcloud' with type 'ros.catkin' and name 'zvision_lidar_pointcloud'
[0.528s] Level 1:colcon.colcon_core.package_discovery:discover_packages(recursive) using defaults
[0.528s] Level 1:colcon.colcon_core.package_discovery:discover_packages(ignore) discover
[0.528s] Level 1:colcon.colcon_core.package_discovery:discover_packages(ignore) using defaults
[0.529s] Level 1:colcon.colcon_core.package_discovery:discover_packages(path) discover
[0.529s] Level 1:colcon.colcon_core.package_discovery:discover_packages(path) using defaults
